[debug] [2026-05-03T12:22:48.556Z] [Firebase Plugin] Activating Firebase extension.
[debug] [2026-05-03T12:22:49.426Z] [Firebase Plugin] requireAuthWrapper
[debug] [2026-05-03T12:22:49.426Z] > command requires scopes: ["email","openid","https://www.googleapis.com/auth/cloudplatformprojects.readonly","https://www.googleapis.com/auth/firebase","https://www.googleapis.com/auth/cloud-platform"]
[debug] [2026-05-03T12:22:49.427Z] > authorizing via signed-in user (ridham.gupta.programming@gmail.com)
[debug] [2026-05-03T12:22:49.428Z] Checked if tokens are valid: false, expires at: 1777811784696
[debug] [2026-05-03T12:22:49.428Z] Checked if tokens are valid: false, expires at: 1777811784696
[debug] [2026-05-03T12:22:49.428Z] > refreshing access token with scopes: []
[debug] [2026-05-03T12:22:49.429Z] >>> [apiv2][query] POST https://www.googleapis.com/oauth2/v3/token [none]
[debug] [2026-05-03T12:22:49.429Z] >>> [apiv2][body] POST https://www.googleapis.com/oauth2/v3/token [omitted]
[debug] [2026-05-03T12:22:49.433Z] [Firebase Plugin] VSCode notification server listening on port 40001
[info] [Firebase Plugin] Starting SQL Connect toolkit (version 3.4.5) on port 50001
[info] i  dataconnect: downloading dataconnect-emulator-3.4.5... {"metadata":{"emulator":{"name":"dataconnect"},"message":"downloading dataconnect-emulator-3.4.5..."}}
[debug] [2026-05-03T12:22:50.551Z] >>> [apiv2][query] GET https://storage.googleapis.com/firemat-preview-drop/emulator/dataconnect-emulator-macos-arm64-v3.4.5 
[debug] [2026-05-03T12:22:51.008Z] <<< [apiv2][status] POST https://www.googleapis.com/oauth2/v3/token 200
[debug] [2026-05-03T12:22:51.008Z] <<< [apiv2][body] POST https://www.googleapis.com/oauth2/v3/token [omitted]
[debug] [2026-05-03T12:22:51.019Z] [Firebase Plugin] User found:  ridham.gupta.programming@gmail.com
[info] [Firebase Plugin] (Core:Project) New user detected, fetching projects
[debug] [2026-05-03T12:22:51.019Z] Checked if tokens are valid: true, expires at: 1777814570008
[debug] [2026-05-03T12:22:51.021Z] >>> [apiv2][query] GET https://firebase.googleapis.com/v1beta1/projects pageSize=1000
[debug] [2026-05-03T12:22:51.374Z] <<< [apiv2][status] GET https://storage.googleapis.com/firemat-preview-drop/emulator/dataconnect-emulator-macos-arm64-v3.4.5 200
[debug] [2026-05-03T12:22:51.375Z] <<< [apiv2][body] GET https://storage.googleapis.com/firemat-preview-drop/emulator/dataconnect-emulator-macos-arm64-v3.4.5 [stream]
[debug] [2026-05-03T12:22:51.826Z] <<< [apiv2][status] GET https://firebase.googleapis.com/v1beta1/projects 200
[debug] [2026-05-03T12:22:51.826Z] <<< [apiv2][body] GET https://firebase.googleapis.com/v1beta1/projects [omitted]
[info] i  dataconnect: Removing outdated emulator files: dataconnect-emulator-3.4.6 {"metadata":{"emulator":{"name":"dataconnect"},"message":"Removing outdated emulator files: dataconnect-emulator-3.4.6"}}
[debug] [2026-05-03T12:22:56.792Z] I0503 17:52:56.785784   69726 control.go:100] [projects/emulator/locations/emulator/services/chat-1 0780] UpdateResources(): done
Main schema: sources: schema/schema.gql [750B] 
Connector "example": sources: example/queries.gql [1564B] 
 {"metadata":{"emulator":{"name":"dataconnect"},"message":"I0503 17:52:56.785784   69726 control.go:100] [projects/emulator/locations/emulator/services/chat-1 0780] UpdateResources(): done\nMain schema: sources: schema/schema.gql [750B] \nConnector \"example\": sources: example/queries.gql [1564B] \n"}}
[debug] [2026-05-03T12:22:56.792Z] Ignoring unsupported arg: auto_download {"metadata":{"emulator":{"name":"dataconnect"},"message":"Ignoring unsupported arg: auto_download"}}
[debug] [2026-05-03T12:22:56.792Z] Ignoring unsupported arg: port {"metadata":{"emulator":{"name":"dataconnect"},"message":"Ignoring unsupported arg: port"}}
[debug] [2026-05-03T12:22:56.792Z] Starting SQL Connect Emulator with command {"binary":"/Users/ridhamgupta805gmail.com/.cache/firebase/emulators/dataconnect-emulator-3.4.5","args":["--logtostderr","-v=2","dev","--listen=localhost:50001","--config_dir=/Users/ridhamgupta805gmail.com/Documents/Todo Assignment/chat-1/dataconnect","--enable_output_schema_extensions=true","--enable_output_generated_sdk=true"],"optionalArgs":["listen","config_dir","enable_output_schema_extensions","enable_output_generated_sdk"],"joinArgs":true,"shell":false,"port":9399} {"metadata":{"emulator":{"name":"dataconnect"},"message":"Starting SQL Connect Emulator with command {\"binary\":\"/Users/ridhamgupta805gmail.com/.cache/firebase/emulators/dataconnect-emulator-3.4.5\",\"args\":[\"--logtostderr\",\"-v=2\",\"dev\",\"--listen=localhost:50001\",\"--config_dir=/Users/ridhamgupta805gmail.com/Documents/Todo Assignment/chat-1/dataconnect\",\"--enable_output_schema_extensions=true\",\"--enable_output_generated_sdk=true\"],\"optionalArgs\":[\"listen\",\"config_dir\",\"enable_output_schema_extensions\",\"enable_output_generated_sdk\"],\"joinArgs\":true,\"shell\":false,\"port\":9399}"}}
[info] i  dataconnect: SQL Connect Emulator logging to dataconnect-debug.log {"metadata":{"emulator":{"name":"dataconnect"},"message":"SQL Connect Emulator logging to dataconnect-debug.log"}}
[debug] [2026-05-03T12:22:56.817Z] I0503 17:52:56.816168   69732 load.go:31] Reloading schema and connectors...
 {"metadata":{"emulator":{"name":"dataconnect"},"message":"I0503 17:52:56.816168   69732 load.go:31] Reloading schema and connectors...\n"}}
[debug] [2026-05-03T12:22:56.828Z] I0503 17:52:56.828693   69732 control.go:100] [projects/emulator/locations/emulator/services/chat-1 67db] UpdateResources(): done
Main schema: sources: schema/schema.gql [750B] 
Connector "example": sources: example/queries.gql [1564B] 
 {"metadata":{"emulator":{"name":"dataconnect"},"message":"I0503 17:52:56.828693   69732 control.go:100] [projects/emulator/locations/emulator/services/chat-1 67db] UpdateResources(): done\nMain schema: sources: schema/schema.gql [750B] \nConnector \"example\": sources: example/queries.gql [1564B] \n"}}
[debug] [2026-05-03T12:22:56.840Z] I0503 17:52:56.840696   69732 codegen.go:101] [connector "example" javascriptSdk] Generating sources into "/Users/ridhamgupta805gmail.com/Documents/Todo Assignment/chat-1/apps/api/src/dataconnect-generated"
 {"metadata":{"emulator":{"name":"dataconnect"},"message":"I0503 17:52:56.840696   69732 codegen.go:101] [connector \"example\" javascriptSdk] Generating sources into \"/Users/ridhamgupta805gmail.com/Documents/Todo Assignment/chat-1/apps/api/src/dataconnect-generated\"\n"}}
[debug] [2026-05-03T12:22:56.845Z] I0503 17:52:56.845317   69732 collector.go:107] schema extensions wrote into "/Users/ridhamgupta805gmail.com/Documents/Todo Assignment/chat-1/dataconnect/.dataconnect/schema"
Generated sources: prelude.gql [82799B] main/implicit.gql [2509B] main/input.gql [48516B] main/relation.gql [26239B] main/query.gql [6211B] main/mutation.gql [16833B] 
 {"metadata":{"emulator":{"name":"dataconnect"},"message":"I0503 17:52:56.845317   69732 collector.go:107] schema extensions wrote into \"/Users/ridhamgupta805gmail.com/Documents/Todo Assignment/chat-1/dataconnect/.dataconnect/schema\"\nGenerated sources: prelude.gql [82799B] main/implicit.gql [2509B] main/input.gql [48516B] main/relation.gql [26239B] main/query.gql [6211B] main/mutation.gql [16833B] \n"}}
[debug] [2026-05-03T12:22:56.855Z] I0503 17:52:56.846517   69732 collector.go:107] connector "example" javascriptSdk wrote into "/Users/ridhamgupta805gmail.com/Documents/Todo Assignment/chat-1/apps/api/src/dataconnect-generated"
Generated sources: esm/package.json [17B] README.md [22857B] .guides/usage.md [1096B] .guides/setup.md [584B] index.d.ts [4911B] esm/index.esm.js [2634B] index.cjs.js [2968B] package.json [615B] .guides/config.json [236B] 
I0503 17:52:56.848375   69732 installsdk.go:55] Package @dataconnect/generated is already installed. Skipping installation
I0503 17:52:56.848411   69732 load.go:109] Finished reloading
I0503 17:52:56.849281   69732 dev.go:104] Listening on address (HTTP + gRPC): 127.0.0.1:50001
 {"metadata":{"emulator":{"name":"dataconnect"},"message":"I0503 17:52:56.846517   69732 collector.go:107] connector \"example\" javascriptSdk wrote into \"/Users/ridhamgupta805gmail.com/Documents/Todo Assignment/chat-1/apps/api/src/dataconnect-generated\"\nGenerated sources: esm/package.json [17B] README.md [22857B] .guides/usage.md [1096B] .guides/setup.md [584B] index.d.ts [4911B] esm/index.esm.js [2634B] index.cjs.js [2968B] package.json [615B] .guides/config.json [236B] \nI0503 17:52:56.848375   69732 installsdk.go:55] Package @dataconnect/generated is already installed. Skipping installation\nI0503 17:52:56.848411   69732 load.go:109] Finished reloading\nI0503 17:52:56.849281   69732 dev.go:104] Listening on address (HTTP + gRPC): 127.0.0.1:50001\n"}}
[debug] [2026-05-03T12:22:57.046Z] I0503 17:52:57.046115   69732 engine.go:209] [projects/emulator/locations/emulator/services/chat-1 67db] ExecuteGraphqlRead query IntrospectionQuery: succeeded. 
 {"metadata":{"emulator":{"name":"dataconnect"},"message":"I0503 17:52:57.046115   69732 engine.go:209] [projects/emulator/locations/emulator/services/chat-1 67db] ExecuteGraphqlRead query IntrospectionQuery: succeeded. \n"}}
[debug] [2026-05-03T12:22:57.482Z] [Firebase Plugin] Value of process.env.MONOSPACE_ENV: undefined
[debug] [2026-05-03T12:22:57.482Z] [Firebase Plugin] requireAuthWrapper
[debug] [2026-05-03T12:22:57.483Z] > command requires scopes: ["email","openid","https://www.googleapis.com/auth/cloudplatformprojects.readonly","https://www.googleapis.com/auth/firebase","https://www.googleapis.com/auth/cloud-platform"]
[debug] [2026-05-03T12:22:57.483Z] > authorizing via signed-in user (ridham.gupta.programming@gmail.com)
[debug] [2026-05-03T12:22:57.483Z] Checked if tokens are valid: true, expires at: 1777814570008
[debug] [2026-05-03T12:22:57.483Z] [Firebase Plugin] User found:  ridham.gupta.programming@gmail.com
[info] [Firebase Plugin] (Core:Project) New user detected, fetching projects
[debug] [2026-05-03T12:22:57.483Z] Checked if tokens are valid: true, expires at: 1777814570008
[debug] [2026-05-03T12:22:57.483Z] >>> [apiv2][query] GET https://firebase.googleapis.com/v1beta1/projects pageSize=1000
[debug] [2026-05-03T12:22:57.485Z] [Firebase Plugin] Value of process.env.MONOSPACE_ENV: undefined
[debug] [2026-05-03T12:22:57.485Z] [Firebase Plugin] requireAuthWrapper
[debug] [2026-05-03T12:22:57.485Z] > command requires scopes: ["email","openid","https://www.googleapis.com/auth/cloudplatformprojects.readonly","https://www.googleapis.com/auth/firebase","https://www.googleapis.com/auth/cloud-platform"]
[debug] [2026-05-03T12:22:57.485Z] > authorizing via signed-in user (ridham.gupta.programming@gmail.com)
[debug] [2026-05-03T12:22:57.485Z] Checked if tokens are valid: true, expires at: 1777814570008
[debug] [2026-05-03T12:22:57.485Z] [Firebase Plugin] User found:  ridham.gupta.programming@gmail.com
[info] [Firebase Plugin] (Core:Project) New user detected, fetching projects
[debug] [2026-05-03T12:22:57.485Z] Checked if tokens are valid: true, expires at: 1777814570008
[debug] [2026-05-03T12:22:57.485Z] >>> [apiv2][query] GET https://firebase.googleapis.com/v1beta1/projects pageSize=1000
[debug] [2026-05-03T12:22:58.098Z] <<< [apiv2][status] GET https://firebase.googleapis.com/v1beta1/projects 200
[debug] [2026-05-03T12:22:58.098Z] <<< [apiv2][body] GET https://firebase.googleapis.com/v1beta1/projects [omitted]
[debug] [2026-05-03T12:22:58.347Z] <<< [apiv2][status] GET https://firebase.googleapis.com/v1beta1/projects 200
[debug] [2026-05-03T12:22:58.348Z] <<< [apiv2][body] GET https://firebase.googleapis.com/v1beta1/projects [omitted]
[debug] [2026-05-03T12:23:18.710Z] [Firebase Plugin] Received emulators started notification. Running detection.
[debug] [2026-05-03T12:23:18.711Z] Found emulator hub locator: {"version":"15.16.0","origins":["http://127.0.0.1:4400","http://[::1]:4400"],"pid":69748}
[debug] [2026-05-03T12:23:18.711Z] >>> [apiv2][query] GET http://127.0.0.1:4400/emulators [none]
[debug] [2026-05-03T12:23:18.722Z] <<< [apiv2][status] GET http://127.0.0.1:4400/emulators 200
[debug] [2026-05-03T12:23:18.722Z] <<< [apiv2][body] GET http://127.0.0.1:4400/emulators {"hub":{"listen":[{"address":"127.0.0.1","family":"IPv4","port":4400},{"address":"::1","family":"IPv6","port":4400}],"name":"hub","host":"127.0.0.1","port":4400},"logging":{"listen":[{"address":"127.0.0.1","family":"IPv4","port":4500}],"name":"logging","host":"127.0.0.1","port":4500},"dataconnect":{"listen":[{"address":"127.0.0.1","family":"IPv4","port":9399},{"address":"::1","family":"IPv6","port":9399}],"name":"dataconnect","host":"127.0.0.1","port":9399,"pid":69774,"timeout":10000}}
[debug] [2026-05-03T12:23:18.843Z] I0503 17:53:18.843750   69732 engine.go:209] [projects/emulator/locations/emulator/services/chat-1 67db] ExecuteGraphqlRead query IntrospectionQuery: succeeded. 
 {"metadata":{"emulator":{"name":"dataconnect"},"message":"I0503 17:53:18.843750   69732 engine.go:209] [projects/emulator/locations/emulator/services/chat-1 67db] ExecuteGraphqlRead query IntrospectionQuery: succeeded. \n"}}
